<?xml version="1.0" encoding="UTF-8"?>

<beans xmlns="http://www.springframework.org/schema/beans"
       xmlns:xsi="http://www.w3.org/2001/XMLSchema-instance"
       xmlns:context="http://www.springframework.org/schema/context"
       xsi:schemaLocation="http://www.springframework.org/schema/beans
        http://www.springframework.org/schema/beans/spring-beans.xsd
        http://www.springframework.org/schema/context
        http://www.springframework.org/schema/context/spring-context.xsd">

  <context:property-placeholder
          location="classpath:/test-context.properties"/>

  <context:component-scan base-package="mmichaelis.kata"
                          scope-resolver="org.springframework.context.annotation.Jsr330ScopeMetadataResolver"/>

  <bean id="evolutionConfiguration"
        class="mmichaelis.kata.gameoflife.EvolutionConfiguration"
        scope="singleton">
    <property name="minimumLivingNeighbors" value="${minimum.living.neighbors}"/>
    <property name="maximumLivingNeighbors" value="${maximum.living.neighbors}"/>
  </bean>
</beans>
